<?xml version="1.0" encoding="UTF-8"?>
<testsuite name="Deseo realizar un registro en la pagina web" tests="3" skipped="0" failures="0" errors="0" timestamp="2022-02-14T15:05:29" hostname="DESKTOP-FJ634HR" time="75.734">
  <properties/>
  <testcase name="Registro de un usuario en la pagina web" classname="Deseo realizar un registro en la pagina web" time="27.682"/>
  <testcase name="Registro de un usuario en la pagina web" classname="Deseo realizar un registro en la pagina web" time="24.376"/>
  <testcase name="Registro de un usuario en la pagina web" classname="Deseo realizar un registro en la pagina web" time="23.636"/>
  <system-out><![CDATA[]]></system-out>
  <system-err><![CDATA[feb 14, 2022 10:05:30 AM org.openqa.selenium.remote.DesiredCapabilities chrome
INFORMACIÓN: Using `new ChromeOptions()` is preferred to `DesiredCapabilities.chrome()`
Starting ChromeDriver 98.0.4758.80 (7f0488e8ba0d8e019187c6325a16c29d9b7f4989-refs/branch-heads/4758@{#972}) on port 1709
Only local connections are allowed.
Please see https://chromedriver.chromium.org/security-considerations for suggestions on keeping ChromeDriver safe.
ChromeDriver was started successfully.
feb 14, 2022 10:05:33 AM org.openqa.selenium.remote.ProtocolHandshake createSession
INFORMACIÓN: Detected dialect: W3C
feb 14, 2022 10:05:57 AM org.openqa.selenium.remote.DesiredCapabilities chrome
INFORMACIÓN: Using `new ChromeOptions()` is preferred to `DesiredCapabilities.chrome()`
Starting ChromeDriver 98.0.4758.80 (7f0488e8ba0d8e019187c6325a16c29d9b7f4989-refs/branch-heads/4758@{#972}) on port 30478
Only local connections are allowed.
Please see https://chromedriver.chromium.org/security-considerations for suggestions on keeping ChromeDriver safe.
ChromeDriver was started successfully.
feb 14, 2022 10:05:59 AM org.openqa.selenium.remote.ProtocolHandshake createSession
INFORMACIÓN: Detected dialect: W3C
feb 14, 2022 10:06:22 AM org.openqa.selenium.remote.DesiredCapabilities chrome
INFORMACIÓN: Using `new ChromeOptions()` is preferred to `DesiredCapabilities.chrome()`
Starting ChromeDriver 98.0.4758.80 (7f0488e8ba0d8e019187c6325a16c29d9b7f4989-refs/branch-heads/4758@{#972}) on port 42769
Only local connections are allowed.
Please see https://chromedriver.chromium.org/security-considerations for suggestions on keeping ChromeDriver safe.
ChromeDriver was started successfully.
feb 14, 2022 10:06:23 AM org.openqa.selenium.remote.ProtocolHandshake createSession
INFORMACIÓN: Detected dialect: W3C
]]></system-err>
</testsuite>
